TimeQuest Timing Analyzer report for multiplexador
Wed Apr 17 21:28:04 2019
Quartus II 64-Bit Version 13.0.0 Build 156 04/24/2013 SJ Web Edition


---------------------
; Table of Contents ;
---------------------
  1. Legal Notice
  2. TimeQuest Timing Analyzer Summary
  3. Parallel Compilation
  4. Clocks
  5. Slow Model Fmax Summary
  6. Slow Model Setup Summary
  7. Slow Model Hold Summary
  8. Slow Model Recovery Summary
  9. Slow Model Removal Summary
 10. Slow Model Minimum Pulse Width Summary
 11. Propagation Delay
 12. Minimum Propagation Delay
 13. Fast Model Setup Summary
 14. Fast Model Hold Summary
 15. Fast Model Recovery Summary
 16. Fast Model Removal Summary
 17. Fast Model Minimum Pulse Width Summary
 18. Propagation Delay
 19. Minimum Propagation Delay
 20. Multicorner Timing Analysis Summary
 21. Progagation Delay
 22. Minimum Progagation Delay
 23. Clock Transfers
 24. Report TCCS
 25. Report RSKM
 26. Unconstrained Paths
 27. TimeQuest Timing Analyzer Messages



----------------
; Legal Notice ;
----------------
Copyright (C) 1991-2013 Altera Corporation
Your use of Altera Corporation's design tools, logic functions 
and other software and tools, and its AMPP partner logic 
functions, and any output files from any of the foregoing 
(including device programming or simulation files), and any 
associated documentation or information are expressly subject 
to the terms and conditions of the Altera Program License 
Subscription Agreement, Altera MegaCore Function License 
Agreement, or other applicable license agreement, including, 
without limitation, that your use is for the sole purpose of 
programming logic devices manufactured by Altera and sold by 
Altera or its authorized distributors.  Please refer to the 
applicable agreement for further details.



+-------------------------------------------------------------------------+
; TimeQuest Timing Analyzer Summary                                       ;
+--------------------+----------------------------------------------------+
; Quartus II Version ; Version 13.0.0 Build 156 04/24/2013 SJ Web Edition ;
; Revision Name      ; multiplexador                                      ;
; Device Family      ; Cyclone II                                         ;
; Device Name        ; EP2C35F672C6                                       ;
; Timing Models      ; Final                                              ;
; Delay Model        ; Combined                                           ;
; Rise/Fall Delays   ; Unavailable                                        ;
+--------------------+----------------------------------------------------+


Parallel compilation was disabled, but you have multiple processors available. Enable parallel compilation to reduce compilation time.
+-------------------------------------+
; Parallel Compilation                ;
+----------------------------+--------+
; Processors                 ; Number ;
+----------------------------+--------+
; Number detected on machine ; 4      ;
; Maximum allowed            ; 1      ;
+----------------------------+--------+


----------
; Clocks ;
----------
No clocks to report.


---------------------------
; Slow Model Fmax Summary ;
---------------------------
No paths to report.


----------------------------
; Slow Model Setup Summary ;
----------------------------
No paths to report.


---------------------------
; Slow Model Hold Summary ;
---------------------------
No paths to report.


-------------------------------
; Slow Model Recovery Summary ;
-------------------------------
No paths to report.


------------------------------
; Slow Model Removal Summary ;
------------------------------
No paths to report.


------------------------------------------
; Slow Model Minimum Pulse Width Summary ;
------------------------------------------
No paths to report.


+---------------------------------------------------------------+
; Propagation Delay                                             ;
+------------+--------------+--------+--------+--------+--------+
; Input Port ; Output Port  ; RR     ; RF     ; FR     ; FF     ;
+------------+--------------+--------+--------+--------+--------+
; SMult[0]   ; CoLed        ; 8.153  ; 8.816  ; 8.816  ; 8.153  ;
; SMult[0]   ; y[0]         ; 10.874 ; 10.874 ; 10.874 ; 10.874 ;
; SMult[0]   ; y[1]         ; 10.923 ; 10.923 ; 10.923 ; 10.923 ;
; SMult[0]   ; y[2]         ; 10.698 ; 10.554 ; 10.554 ; 10.698 ;
; SMult[0]   ; y[3]         ; 10.901 ; 10.901 ; 10.901 ; 10.901 ;
; SMult[0]   ; y[4]         ; 10.495 ; 10.664 ; 10.664 ; 10.495 ;
; SMult[0]   ; y[5]         ; 10.450 ; 10.450 ; 10.450 ; 10.450 ;
; SMult[0]   ; y[6]         ; 10.627 ; 10.627 ; 10.627 ; 10.627 ;
; SMult[1]   ; CoLed        ; 8.724  ; 8.036  ; 8.036  ; 8.724  ;
; SMult[1]   ; y[0]         ; 11.046 ; 11.046 ; 11.046 ; 11.046 ;
; SMult[1]   ; y[1]         ; 11.095 ; 11.095 ; 11.095 ; 11.095 ;
; SMult[1]   ; y[2]         ; 10.871 ; 10.871 ; 10.871 ; 10.871 ;
; SMult[1]   ; y[3]         ; 11.073 ; 11.073 ; 11.073 ; 11.073 ;
; SMult[1]   ; y[4]         ; 10.812 ; 10.836 ; 10.836 ; 10.812 ;
; SMult[1]   ; y[5]         ; 10.622 ; 10.622 ; 10.622 ; 10.622 ;
; SMult[1]   ; y[6]         ; 10.799 ; 10.799 ; 10.799 ; 10.799 ;
; SMult[2]   ; CoLed        ;        ; 7.461  ; 7.461  ;        ;
; SMult[2]   ; y[0]         ; 10.817 ; 10.817 ; 10.817 ; 10.817 ;
; SMult[2]   ; y[1]         ; 10.866 ; 10.866 ; 10.866 ; 10.866 ;
; SMult[2]   ; y[2]         ; 10.416 ; 10.641 ; 10.641 ; 10.416 ;
; SMult[2]   ; y[3]         ; 10.844 ; 10.844 ; 10.844 ; 10.844 ;
; SMult[2]   ; y[4]         ; 10.607 ; 10.357 ; 10.357 ; 10.607 ;
; SMult[2]   ; y[5]         ; 10.393 ; 10.393 ; 10.393 ; 10.393 ;
; SMult[2]   ; y[6]         ; 10.570 ; 10.570 ; 10.570 ; 10.570 ;
; desliga    ; y[0]         ;        ; 11.601 ; 11.601 ;        ;
; desliga    ; y[1]         ;        ; 11.597 ; 11.597 ;        ;
; desliga    ; y[2]         ;        ; 11.600 ; 11.600 ;        ;
; desliga    ; y[3]         ;        ; 11.599 ; 11.599 ;        ;
; desliga    ; y[4]         ;        ; 11.330 ; 11.330 ;        ;
; desliga    ; y[5]         ;        ; 11.326 ; 11.326 ;        ;
; desliga    ; y[6]         ;        ; 11.362 ; 11.362 ;        ;
; x0[0]      ; CoLed        ; 13.441 ; 13.343 ; 13.343 ; 13.441 ;
; x0[0]      ; y[0]         ; 15.813 ; 15.813 ; 15.813 ; 15.813 ;
; x0[0]      ; y[1]         ; 15.830 ; 15.830 ; 15.830 ; 15.830 ;
; x0[0]      ; y[2]         ; 15.662 ; 15.662 ; 15.662 ; 15.662 ;
; x0[0]      ; y[3]         ; 15.836 ; 15.836 ; 15.836 ; 15.836 ;
; x0[0]      ; y[4]         ; 15.603 ; 15.603 ; 15.603 ; 15.603 ;
; x0[0]      ; y[5]         ; 15.389 ; 15.226 ; 15.226 ; 15.389 ;
; x0[0]      ; y[6]         ; 15.587 ; 15.587 ; 15.587 ; 15.587 ;
; x0[0]      ; ySoma_aux[0] ; 10.508 ; 10.508 ; 10.508 ; 10.508 ;
; x0[0]      ; ySoma_aux[1] ; 10.545 ; 10.545 ; 10.545 ; 10.545 ;
; x0[0]      ; ySoma_aux[2] ; 11.077 ; 11.077 ; 11.077 ; 11.077 ;
; x0[0]      ; ySoma_aux[3] ; 11.087 ; 11.087 ; 11.087 ; 11.087 ;
; x0[1]      ; CoLed        ; 13.474 ; 13.367 ; 13.367 ; 13.474 ;
; x0[1]      ; y[0]         ; 15.837 ; 15.837 ; 15.837 ; 15.837 ;
; x0[1]      ; y[1]         ; 15.854 ; 15.854 ; 15.854 ; 15.854 ;
; x0[1]      ; y[2]         ; 15.686 ; 15.686 ; 15.686 ; 15.686 ;
; x0[1]      ; y[3]         ; 15.860 ; 15.860 ; 15.860 ; 15.860 ;
; x0[1]      ; y[4]         ; 15.627 ; 15.627 ; 15.627 ; 15.627 ;
; x0[1]      ; y[5]         ; 15.413 ; 15.250 ; 15.250 ; 15.413 ;
; x0[1]      ; y[6]         ; 15.611 ; 15.611 ; 15.611 ; 15.611 ;
; x0[1]      ; ySoma_aux[1] ; 10.576 ; 10.576 ; 10.576 ; 10.576 ;
; x0[1]      ; ySoma_aux[2] ; 11.108 ; 11.108 ; 11.108 ; 11.108 ;
; x0[1]      ; ySoma_aux[3] ; 11.118 ; 11.118 ; 11.118 ; 11.118 ;
; x0[2]      ; CoLed        ; 13.033 ; 12.891 ; 12.891 ; 13.033 ;
; x0[2]      ; y[0]         ; 15.361 ; 15.361 ; 15.361 ; 15.361 ;
; x0[2]      ; y[1]         ; 15.378 ; 15.378 ; 15.378 ; 15.378 ;
; x0[2]      ; y[2]         ; 15.210 ; 15.210 ; 15.210 ; 15.210 ;
; x0[2]      ; y[3]         ; 15.384 ; 15.384 ; 15.384 ; 15.384 ;
; x0[2]      ; y[4]         ; 15.151 ; 15.151 ; 15.151 ; 15.151 ;
; x0[2]      ; y[5]         ; 14.937 ; 14.774 ; 14.774 ; 14.937 ;
; x0[2]      ; y[6]         ; 15.135 ; 15.135 ; 15.135 ; 15.135 ;
; x0[2]      ; ySoma_aux[2] ; 10.686 ; 10.686 ; 10.686 ; 10.686 ;
; x0[2]      ; ySoma_aux[3] ; 10.693 ; 10.693 ; 10.693 ; 10.693 ;
; x0[3]      ; CoLed        ; 12.142 ; 12.023 ; 12.023 ; 12.142 ;
; x0[3]      ; y[0]         ; 14.493 ; 14.493 ; 14.493 ; 14.493 ;
; x0[3]      ; y[1]         ; 14.510 ; 14.510 ; 14.510 ; 14.510 ;
; x0[3]      ; y[2]         ; 14.342 ; 14.342 ; 14.342 ; 14.342 ;
; x0[3]      ; y[3]         ; 14.516 ; 14.516 ; 14.516 ; 14.516 ;
; x0[3]      ; y[4]         ; 14.283 ; 14.283 ; 14.283 ; 14.283 ;
; x0[3]      ; y[5]         ; 14.069 ; 13.906 ; 13.906 ; 14.069 ;
; x0[3]      ; y[6]         ; 14.267 ; 14.267 ; 14.267 ; 14.267 ;
; x0[3]      ; ySoma_aux[3] ; 10.700 ; 10.700 ; 10.700 ; 10.700 ;
; x1[0]      ; CoLed        ; 9.450  ; 9.535  ; 9.535  ; 9.450  ;
; x1[0]      ; y[0]         ; 11.920 ; 11.920 ; 11.920 ; 11.920 ;
; x1[0]      ; y[1]         ; 11.937 ; 11.937 ; 11.937 ; 11.937 ;
; x1[0]      ; y[2]         ; 11.769 ; 11.769 ; 11.769 ; 11.769 ;
; x1[0]      ; y[3]         ; 11.943 ; 11.943 ; 11.943 ; 11.943 ;
; x1[0]      ; y[4]         ; 11.710 ; 11.710 ; 11.710 ; 11.710 ;
; x1[0]      ; y[5]         ; 11.333 ; 11.496 ; 11.496 ; 11.333 ;
; x1[0]      ; y[6]         ; 11.694 ; 11.694 ; 11.694 ; 11.694 ;
; x1[0]      ; ySoma_aux[0] ; 6.600  ; 6.600  ; 6.600  ; 6.600  ;
; x1[0]      ; ySoma_aux[1] ; 6.629  ; 6.629  ; 6.629  ; 6.629  ;
; x1[0]      ; ySoma_aux[2] ; 7.165  ; 7.165  ; 7.165  ; 7.165  ;
; x1[0]      ; ySoma_aux[3] ; 7.175  ; 7.175  ; 7.175  ; 7.175  ;
; x1[1]      ; CoLed        ; 9.178  ; 9.274  ; 9.274  ; 9.178  ;
; x1[1]      ; y[0]         ; 11.648 ; 11.648 ; 11.648 ; 11.648 ;
; x1[1]      ; y[1]         ; 11.665 ; 11.665 ; 11.665 ; 11.665 ;
; x1[1]      ; y[2]         ; 11.497 ; 11.497 ; 11.497 ; 11.497 ;
; x1[1]      ; y[3]         ; 11.671 ; 11.671 ; 11.671 ; 11.671 ;
; x1[1]      ; y[4]         ; 11.438 ; 11.438 ; 11.438 ; 11.438 ;
; x1[1]      ; y[5]         ; 11.061 ; 11.224 ; 11.224 ; 11.061 ;
; x1[1]      ; y[6]         ; 11.422 ; 11.422 ; 11.422 ; 11.422 ;
; x1[1]      ; ySoma_aux[1] ; 6.360  ; 6.360  ; 6.360  ; 6.360  ;
; x1[1]      ; ySoma_aux[2] ; 6.905  ; 6.905  ; 6.905  ; 6.905  ;
; x1[1]      ; ySoma_aux[3] ; 6.915  ; 6.915  ; 6.915  ; 6.915  ;
; x1[2]      ; CoLed        ; 8.866  ; 8.986  ; 8.986  ; 8.866  ;
; x1[2]      ; y[0]         ; 11.336 ; 11.336 ; 11.336 ; 11.336 ;
; x1[2]      ; y[1]         ; 11.353 ; 11.353 ; 11.353 ; 11.353 ;
; x1[2]      ; y[2]         ; 11.185 ; 11.185 ; 11.185 ; 11.185 ;
; x1[2]      ; y[3]         ; 11.359 ; 11.359 ; 11.359 ; 11.359 ;
; x1[2]      ; y[4]         ; 11.126 ; 11.126 ; 11.126 ; 11.126 ;
; x1[2]      ; y[5]         ; 10.749 ; 10.912 ; 10.912 ; 10.749 ;
; x1[2]      ; y[6]         ; 11.110 ; 11.110 ; 11.110 ; 11.110 ;
; x1[2]      ; ySoma_aux[2] ; 6.640  ; 6.640  ; 6.640  ; 6.640  ;
; x1[2]      ; ySoma_aux[3] ; 6.825  ; 6.825  ; 6.825  ; 6.825  ;
; x1[3]      ; CoLed        ; 12.165 ; 12.284 ; 12.284 ; 12.165 ;
; x1[3]      ; y[0]         ; 14.635 ; 14.635 ; 14.635 ; 14.635 ;
; x1[3]      ; y[1]         ; 14.652 ; 14.652 ; 14.652 ; 14.652 ;
; x1[3]      ; y[2]         ; 14.484 ; 14.484 ; 14.484 ; 14.484 ;
; x1[3]      ; y[3]         ; 14.658 ; 14.658 ; 14.658 ; 14.658 ;
; x1[3]      ; y[4]         ; 14.425 ; 14.425 ; 14.425 ; 14.425 ;
; x1[3]      ; y[5]         ; 14.099 ; 14.211 ; 14.211 ; 14.099 ;
; x1[3]      ; y[6]         ; 14.409 ; 14.409 ; 14.409 ; 14.409 ;
; x1[3]      ; ySoma_aux[3] ; 11.075 ; 11.075 ; 11.075 ; 11.075 ;
+------------+--------------+--------+--------+--------+--------+


+---------------------------------------------------------------+
; Minimum Propagation Delay                                     ;
+------------+--------------+--------+--------+--------+--------+
; Input Port ; Output Port  ; RR     ; RF     ; FR     ; FF     ;
+------------+--------------+--------+--------+--------+--------+
; SMult[0]   ; CoLed        ; 7.861  ; 8.816  ; 8.816  ; 7.861  ;
; SMult[0]   ; y[0]         ; 8.139  ; 8.956  ; 8.956  ; 8.139  ;
; SMult[0]   ; y[1]         ; 9.004  ; 8.135  ; 8.135  ; 9.004  ;
; SMult[0]   ; y[2]         ; 8.820  ; 8.281  ; 8.281  ; 8.820  ;
; SMult[0]   ; y[3]         ; 8.137  ; 8.984  ; 8.984  ; 8.137  ;
; SMult[0]   ; y[4]         ; 8.746  ; 8.009  ; 8.009  ; 8.746  ;
; SMult[0]   ; y[5]         ; 8.544  ; 8.007  ; 8.007  ; 8.544  ;
; SMult[0]   ; y[6]         ; 7.900  ; 8.743  ; 8.743  ; 7.900  ;
; SMult[1]   ; CoLed        ; 8.724  ; 8.036  ; 8.036  ; 8.724  ;
; SMult[1]   ; y[0]         ; 8.644  ; 8.962  ; 8.962  ; 8.644  ;
; SMult[1]   ; y[1]         ; 9.867  ; 8.640  ; 8.640  ; 9.867  ;
; SMult[1]   ; y[2]         ; 9.683  ; 8.786  ; 8.786  ; 9.683  ;
; SMult[1]   ; y[3]         ; 8.642  ; 8.990  ; 8.990  ; 8.642  ;
; SMult[1]   ; y[4]         ; 8.752  ; 8.514  ; 8.514  ; 8.752  ;
; SMult[1]   ; y[5]         ; 8.550  ; 8.512  ; 8.512  ; 8.550  ;
; SMult[1]   ; y[6]         ; 8.405  ; 8.749  ; 8.749  ; 8.405  ;
; SMult[2]   ; CoLed        ;        ; 7.461  ; 7.461  ;        ;
; SMult[2]   ; y[0]         ; 7.613  ; 8.735  ; 8.735  ; 7.613  ;
; SMult[2]   ; y[1]         ; 8.783  ; 7.609  ; 7.609  ; 8.783  ;
; SMult[2]   ; y[2]         ; 8.599  ; 7.755  ; 7.755  ; 8.599  ;
; SMult[2]   ; y[3]         ; 7.611  ; 8.763  ; 8.763  ; 7.611  ;
; SMult[2]   ; y[4]         ; 8.525  ; 7.483  ; 7.483  ; 8.525  ;
; SMult[2]   ; y[5]         ; 8.323  ; 7.481  ; 7.481  ; 8.323  ;
; SMult[2]   ; y[6]         ; 7.374  ; 8.522  ; 8.522  ; 7.374  ;
; desliga    ; y[0]         ;        ; 11.601 ; 11.601 ;        ;
; desliga    ; y[1]         ;        ; 11.597 ; 11.597 ;        ;
; desliga    ; y[2]         ;        ; 11.600 ; 11.600 ;        ;
; desliga    ; y[3]         ;        ; 11.599 ; 11.599 ;        ;
; desliga    ; y[4]         ;        ; 11.330 ; 11.330 ;        ;
; desliga    ; y[5]         ;        ; 11.326 ; 11.326 ;        ;
; desliga    ; y[6]         ;        ; 11.362 ; 11.362 ;        ;
; x0[0]      ; CoLed        ; 12.590 ; 13.343 ; 13.343 ; 12.590 ;
; x0[0]      ; y[0]         ; 12.818 ; 12.984 ; 12.984 ; 12.818 ;
; x0[0]      ; y[1]         ; 13.033 ; 12.840 ; 12.840 ; 13.033 ;
; x0[0]      ; y[2]         ; 12.808 ; 12.808 ; 12.808 ; 12.808 ;
; x0[0]      ; y[3]         ; 12.843 ; 13.011 ; 13.011 ; 12.843 ;
; x0[0]      ; y[4]         ; 12.774 ; 12.600 ; 12.600 ; 12.774 ;
; x0[0]      ; y[5]         ; 12.560 ; 12.560 ; 12.560 ; 12.560 ;
; x0[0]      ; y[6]         ; 12.605 ; 12.737 ; 12.737 ; 12.605 ;
; x0[0]      ; ySoma_aux[0] ; 10.508 ; 10.508 ; 10.508 ; 10.508 ;
; x0[0]      ; ySoma_aux[1] ; 10.545 ; 10.545 ; 10.545 ; 10.545 ;
; x0[0]      ; ySoma_aux[2] ; 11.077 ; 11.077 ; 11.077 ; 11.077 ;
; x0[0]      ; ySoma_aux[3] ; 11.087 ; 11.087 ; 11.087 ; 11.087 ;
; x0[1]      ; CoLed        ; 12.621 ; 13.367 ; 13.367 ; 12.621 ;
; x0[1]      ; y[0]         ; 12.842 ; 13.013 ; 13.013 ; 12.842 ;
; x0[1]      ; y[1]         ; 13.062 ; 12.864 ; 12.864 ; 13.062 ;
; x0[1]      ; y[2]         ; 12.837 ; 12.837 ; 12.837 ; 12.837 ;
; x0[1]      ; y[3]         ; 12.867 ; 13.040 ; 13.040 ; 12.867 ;
; x0[1]      ; y[4]         ; 12.803 ; 12.624 ; 12.624 ; 12.803 ;
; x0[1]      ; y[5]         ; 12.589 ; 12.589 ; 12.589 ; 12.589 ;
; x0[1]      ; y[6]         ; 12.629 ; 12.766 ; 12.766 ; 12.629 ;
; x0[1]      ; ySoma_aux[1] ; 10.576 ; 10.576 ; 10.576 ; 10.576 ;
; x0[1]      ; ySoma_aux[2] ; 11.108 ; 11.108 ; 11.108 ; 11.108 ;
; x0[1]      ; ySoma_aux[3] ; 11.118 ; 11.118 ; 11.118 ; 11.118 ;
; x0[2]      ; CoLed        ; 12.196 ; 12.891 ; 12.891 ; 12.196 ;
; x0[2]      ; y[0]         ; 12.366 ; 12.990 ; 12.990 ; 12.366 ;
; x0[2]      ; y[1]         ; 13.007 ; 12.388 ; 12.388 ; 13.007 ;
; x0[2]      ; y[2]         ; 12.839 ; 12.390 ; 12.390 ; 12.839 ;
; x0[2]      ; y[3]         ; 12.391 ; 13.013 ; 13.013 ; 12.391 ;
; x0[2]      ; y[4]         ; 12.780 ; 12.148 ; 12.148 ; 12.780 ;
; x0[2]      ; y[5]         ; 12.584 ; 12.117 ; 12.117 ; 12.584 ;
; x0[2]      ; y[6]         ; 12.153 ; 12.764 ; 12.764 ; 12.153 ;
; x0[2]      ; ySoma_aux[2] ; 10.686 ; 10.686 ; 10.686 ; 10.686 ;
; x0[2]      ; ySoma_aux[3] ; 10.693 ; 10.693 ; 10.693 ; 10.693 ;
; x0[3]      ; CoLed        ; 11.012 ; 12.023 ; 12.023 ; 11.012 ;
; x0[3]      ; y[0]         ; 11.498 ; 12.880 ; 12.880 ; 11.498 ;
; x0[3]      ; y[1]         ; 12.936 ; 11.520 ; 11.520 ; 12.936 ;
; x0[3]      ; y[2]         ; 12.752 ; 11.522 ; 11.522 ; 12.752 ;
; x0[3]      ; y[3]         ; 11.523 ; 12.910 ; 12.910 ; 11.523 ;
; x0[3]      ; y[4]         ; 12.681 ; 11.280 ; 11.280 ; 12.681 ;
; x0[3]      ; y[5]         ; 12.474 ; 11.249 ; 11.249 ; 12.474 ;
; x0[3]      ; y[6]         ; 11.285 ; 12.674 ; 12.674 ; 11.285 ;
; x0[3]      ; ySoma_aux[3] ; 10.700 ; 10.700 ; 10.700 ; 10.700 ;
; x1[0]      ; CoLed        ; 8.678  ; 9.535  ; 9.535  ; 8.678  ;
; x1[0]      ; y[0]         ; 9.065  ; 8.925  ; 8.925  ; 9.065  ;
; x1[0]      ; y[1]         ; 8.947  ; 9.114  ; 9.114  ; 8.947  ;
; x1[0]      ; y[2]         ; 8.889  ; 8.889  ; 8.889  ; 8.889  ;
; x1[0]      ; y[3]         ; 9.092  ; 8.950  ; 8.950  ; 9.092  ;
; x1[0]      ; y[4]         ; 8.707  ; 8.855  ; 8.855  ; 8.707  ;
; x1[0]      ; y[5]         ; 8.641  ; 8.641  ; 8.641  ; 8.641  ;
; x1[0]      ; y[6]         ; 8.818  ; 8.712  ; 8.712  ; 8.818  ;
; x1[0]      ; ySoma_aux[0] ; 6.600  ; 6.600  ; 6.600  ; 6.600  ;
; x1[0]      ; ySoma_aux[1] ; 6.629  ; 6.629  ; 6.629  ; 6.629  ;
; x1[0]      ; ySoma_aux[2] ; 7.165  ; 7.165  ; 7.165  ; 7.165  ;
; x1[0]      ; ySoma_aux[3] ; 7.175  ; 7.175  ; 7.175  ; 7.175  ;
; x1[1]      ; CoLed        ; 8.418  ; 9.274  ; 9.274  ; 8.418  ;
; x1[1]      ; y[0]         ; 8.800  ; 8.653  ; 8.653  ; 8.800  ;
; x1[1]      ; y[1]         ; 8.675  ; 8.849  ; 8.849  ; 8.675  ;
; x1[1]      ; y[2]         ; 8.624  ; 8.624  ; 8.624  ; 8.624  ;
; x1[1]      ; y[3]         ; 8.827  ; 8.678  ; 8.678  ; 8.827  ;
; x1[1]      ; y[4]         ; 8.435  ; 8.590  ; 8.590  ; 8.435  ;
; x1[1]      ; y[5]         ; 8.376  ; 8.376  ; 8.376  ; 8.376  ;
; x1[1]      ; y[6]         ; 8.553  ; 8.440  ; 8.440  ; 8.553  ;
; x1[1]      ; ySoma_aux[1] ; 6.360  ; 6.360  ; 6.360  ; 6.360  ;
; x1[1]      ; ySoma_aux[2] ; 6.905  ; 6.905  ; 6.905  ; 6.905  ;
; x1[1]      ; ySoma_aux[3] ; 6.915  ; 6.915  ; 6.915  ; 6.915  ;
; x1[2]      ; CoLed        ; 8.146  ; 8.986  ; 8.986  ; 8.146  ;
; x1[2]      ; y[0]         ; 9.136  ; 8.341  ; 8.341  ; 9.136  ;
; x1[2]      ; y[1]         ; 8.363  ; 9.192  ; 9.192  ; 8.363  ;
; x1[2]      ; y[2]         ; 8.365  ; 9.008  ; 9.008  ; 8.365  ;
; x1[2]      ; y[3]         ; 9.166  ; 8.366  ; 8.366  ; 9.166  ;
; x1[2]      ; y[4]         ; 8.123  ; 8.937  ; 8.937  ; 8.123  ;
; x1[2]      ; y[5]         ; 8.092  ; 8.730  ; 8.730  ; 8.092  ;
; x1[2]      ; y[6]         ; 8.930  ; 8.128  ; 8.128  ; 8.930  ;
; x1[2]      ; ySoma_aux[2] ; 6.640  ; 6.640  ; 6.640  ; 6.640  ;
; x1[2]      ; ySoma_aux[3] ; 6.825  ; 6.825  ; 6.825  ; 6.825  ;
; x1[3]      ; CoLed        ; 11.359 ; 12.284 ; 12.284 ; 11.359 ;
; x1[3]      ; y[0]         ; 13.110 ; 11.640 ; 11.640 ; 13.110 ;
; x1[3]      ; y[1]         ; 11.662 ; 13.158 ; 13.158 ; 11.662 ;
; x1[3]      ; y[2]         ; 11.664 ; 12.974 ; 12.974 ; 11.664 ;
; x1[3]      ; y[3]         ; 13.138 ; 11.665 ; 11.665 ; 13.138 ;
; x1[3]      ; y[4]         ; 11.422 ; 12.900 ; 12.900 ; 11.422 ;
; x1[3]      ; y[5]         ; 11.391 ; 12.698 ; 12.698 ; 11.391 ;
; x1[3]      ; y[6]         ; 12.897 ; 11.427 ; 11.427 ; 12.897 ;
; x1[3]      ; ySoma_aux[3] ; 11.075 ; 11.075 ; 11.075 ; 11.075 ;
+------------+--------------+--------+--------+--------+--------+


----------------------------
; Fast Model Setup Summary ;
----------------------------
No paths to report.


---------------------------
; Fast Model Hold Summary ;
---------------------------
No paths to report.


-------------------------------
; Fast Model Recovery Summary ;
-------------------------------
No paths to report.


------------------------------
; Fast Model Removal Summary ;
------------------------------
No paths to report.


------------------------------------------
; Fast Model Minimum Pulse Width Summary ;
------------------------------------------
No paths to report.


+-----------------------------------------------------------+
; Propagation Delay                                         ;
+------------+--------------+-------+-------+-------+-------+
; Input Port ; Output Port  ; RR    ; RF    ; FR    ; FF    ;
+------------+--------------+-------+-------+-------+-------+
; SMult[0]   ; CoLed        ; 4.212 ; 4.490 ; 4.490 ; 4.212 ;
; SMult[0]   ; y[0]         ; 5.408 ; 5.408 ; 5.408 ; 5.408 ;
; SMult[0]   ; y[1]         ; 5.421 ; 5.421 ; 5.421 ; 5.421 ;
; SMult[0]   ; y[2]         ; 5.339 ; 5.276 ; 5.276 ; 5.339 ;
; SMult[0]   ; y[3]         ; 5.414 ; 5.414 ; 5.414 ; 5.414 ;
; SMult[0]   ; y[4]         ; 5.224 ; 5.287 ; 5.287 ; 5.224 ;
; SMult[0]   ; y[5]         ; 5.191 ; 5.191 ; 5.191 ; 5.191 ;
; SMult[0]   ; y[6]         ; 5.295 ; 5.295 ; 5.295 ; 5.295 ;
; SMult[1]   ; CoLed        ; 4.478 ; 4.175 ; 4.175 ; 4.478 ;
; SMult[1]   ; y[0]         ; 5.503 ; 5.503 ; 5.503 ; 5.503 ;
; SMult[1]   ; y[1]         ; 5.518 ; 5.518 ; 5.518 ; 5.518 ;
; SMult[1]   ; y[2]         ; 5.432 ; 5.432 ; 5.432 ; 5.432 ;
; SMult[1]   ; y[3]         ; 5.509 ; 5.509 ; 5.509 ; 5.509 ;
; SMult[1]   ; y[4]         ; 5.380 ; 5.380 ; 5.380 ; 5.380 ;
; SMult[1]   ; y[5]         ; 5.252 ; 5.288 ; 5.288 ; 5.252 ;
; SMult[1]   ; y[6]         ; 5.391 ; 5.391 ; 5.391 ; 5.391 ;
; SMult[2]   ; CoLed        ;       ; 3.899 ; 3.899 ;       ;
; SMult[2]   ; y[0]         ; 5.359 ; 5.359 ; 5.359 ; 5.359 ;
; SMult[2]   ; y[1]         ; 5.372 ; 5.372 ; 5.372 ; 5.372 ;
; SMult[2]   ; y[2]         ; 5.218 ; 5.290 ; 5.290 ; 5.218 ;
; SMult[2]   ; y[3]         ; 5.365 ; 5.365 ; 5.365 ; 5.365 ;
; SMult[2]   ; y[4]         ; 5.238 ; 5.166 ; 5.166 ; 5.238 ;
; SMult[2]   ; y[5]         ; 5.142 ; 5.142 ; 5.142 ; 5.142 ;
; SMult[2]   ; y[6]         ; 5.246 ; 5.246 ; 5.246 ; 5.246 ;
; desliga    ; y[0]         ;       ; 6.482 ; 6.482 ;       ;
; desliga    ; y[1]         ;       ; 6.500 ; 6.500 ;       ;
; desliga    ; y[2]         ;       ; 6.505 ; 6.505 ;       ;
; desliga    ; y[3]         ;       ; 6.505 ; 6.505 ;       ;
; desliga    ; y[4]         ;       ; 6.365 ; 6.365 ;       ;
; desliga    ; y[5]         ;       ; 6.360 ; 6.360 ;       ;
; desliga    ; y[6]         ;       ; 6.393 ; 6.393 ;       ;
; x0[0]      ; CoLed        ; 7.111 ; 7.066 ; 7.066 ; 7.111 ;
; x0[0]      ; y[0]         ; 8.153 ; 8.153 ; 8.153 ; 8.153 ;
; x0[0]      ; y[1]         ; 8.168 ; 8.168 ; 8.168 ; 8.168 ;
; x0[0]      ; y[2]         ; 8.082 ; 8.082 ; 8.082 ; 8.082 ;
; x0[0]      ; y[3]         ; 8.159 ; 8.159 ; 8.159 ; 8.159 ;
; x0[0]      ; y[4]         ; 8.030 ; 8.030 ; 8.030 ; 8.030 ;
; x0[0]      ; y[5]         ; 7.938 ; 7.863 ; 7.863 ; 7.938 ;
; x0[0]      ; y[6]         ; 8.041 ; 8.041 ; 8.041 ; 8.041 ;
; x0[0]      ; ySoma_aux[0] ; 5.842 ; 5.842 ; 5.842 ; 5.842 ;
; x0[0]      ; ySoma_aux[1] ; 5.873 ; 5.873 ; 5.873 ; 5.873 ;
; x0[0]      ; ySoma_aux[2] ; 6.098 ; 6.098 ; 6.098 ; 6.098 ;
; x0[0]      ; ySoma_aux[3] ; 6.105 ; 6.105 ; 6.105 ; 6.105 ;
; x0[1]      ; CoLed        ; 7.136 ; 7.093 ; 7.093 ; 7.136 ;
; x0[1]      ; y[0]         ; 8.180 ; 8.180 ; 8.180 ; 8.180 ;
; x0[1]      ; y[1]         ; 8.195 ; 8.195 ; 8.195 ; 8.195 ;
; x0[1]      ; y[2]         ; 8.109 ; 8.109 ; 8.109 ; 8.109 ;
; x0[1]      ; y[3]         ; 8.186 ; 8.186 ; 8.186 ; 8.186 ;
; x0[1]      ; y[4]         ; 8.057 ; 8.057 ; 8.057 ; 8.057 ;
; x0[1]      ; y[5]         ; 7.965 ; 7.890 ; 7.890 ; 7.965 ;
; x0[1]      ; y[6]         ; 8.068 ; 8.068 ; 8.068 ; 8.068 ;
; x0[1]      ; ySoma_aux[1] ; 5.900 ; 5.900 ; 5.900 ; 5.900 ;
; x0[1]      ; ySoma_aux[2] ; 6.127 ; 6.127 ; 6.127 ; 6.127 ;
; x0[1]      ; ySoma_aux[3] ; 6.134 ; 6.134 ; 6.134 ; 6.134 ;
; x0[2]      ; CoLed        ; 6.963 ; 6.905 ; 6.905 ; 6.963 ;
; x0[2]      ; y[0]         ; 7.992 ; 7.992 ; 7.992 ; 7.992 ;
; x0[2]      ; y[1]         ; 8.007 ; 8.007 ; 8.007 ; 8.007 ;
; x0[2]      ; y[2]         ; 7.921 ; 7.921 ; 7.921 ; 7.921 ;
; x0[2]      ; y[3]         ; 7.998 ; 7.998 ; 7.998 ; 7.998 ;
; x0[2]      ; y[4]         ; 7.869 ; 7.869 ; 7.869 ; 7.869 ;
; x0[2]      ; y[5]         ; 7.777 ; 7.702 ; 7.702 ; 7.777 ;
; x0[2]      ; y[6]         ; 7.880 ; 7.880 ; 7.880 ; 7.880 ;
; x0[2]      ; ySoma_aux[2] ; 5.955 ; 5.955 ; 5.955 ; 5.955 ;
; x0[2]      ; ySoma_aux[3] ; 5.963 ; 5.963 ; 5.963 ; 5.963 ;
; x0[3]      ; CoLed        ; 6.593 ; 6.527 ; 6.527 ; 6.593 ;
; x0[3]      ; y[0]         ; 7.614 ; 7.614 ; 7.614 ; 7.614 ;
; x0[3]      ; y[1]         ; 7.629 ; 7.629 ; 7.629 ; 7.629 ;
; x0[3]      ; y[2]         ; 7.543 ; 7.543 ; 7.543 ; 7.543 ;
; x0[3]      ; y[3]         ; 7.620 ; 7.620 ; 7.620 ; 7.620 ;
; x0[3]      ; y[4]         ; 7.491 ; 7.491 ; 7.491 ; 7.491 ;
; x0[3]      ; y[5]         ; 7.399 ; 7.324 ; 7.324 ; 7.399 ;
; x0[3]      ; y[6]         ; 7.502 ; 7.502 ; 7.502 ; 7.502 ;
; x0[3]      ; ySoma_aux[3] ; 5.941 ; 5.941 ; 5.941 ; 5.941 ;
; x1[0]      ; CoLed        ; 4.703 ; 4.747 ; 4.747 ; 4.703 ;
; x1[0]      ; y[0]         ; 5.790 ; 5.790 ; 5.790 ; 5.790 ;
; x1[0]      ; y[1]         ; 5.805 ; 5.805 ; 5.805 ; 5.805 ;
; x1[0]      ; y[2]         ; 5.719 ; 5.719 ; 5.719 ; 5.719 ;
; x1[0]      ; y[3]         ; 5.796 ; 5.796 ; 5.796 ; 5.796 ;
; x1[0]      ; y[4]         ; 5.667 ; 5.667 ; 5.667 ; 5.667 ;
; x1[0]      ; y[5]         ; 5.500 ; 5.575 ; 5.575 ; 5.500 ;
; x1[0]      ; y[6]         ; 5.678 ; 5.678 ; 5.678 ; 5.678 ;
; x1[0]      ; ySoma_aux[0] ; 3.487 ; 3.487 ; 3.487 ; 3.487 ;
; x1[0]      ; ySoma_aux[1] ; 3.510 ; 3.510 ; 3.510 ; 3.510 ;
; x1[0]      ; ySoma_aux[2] ; 3.737 ; 3.737 ; 3.737 ; 3.737 ;
; x1[0]      ; ySoma_aux[3] ; 3.744 ; 3.744 ; 3.744 ; 3.744 ;
; x1[1]      ; CoLed        ; 4.551 ; 4.604 ; 4.604 ; 4.551 ;
; x1[1]      ; y[0]         ; 5.638 ; 5.638 ; 5.638 ; 5.638 ;
; x1[1]      ; y[1]         ; 5.653 ; 5.653 ; 5.653 ; 5.653 ;
; x1[1]      ; y[2]         ; 5.567 ; 5.567 ; 5.567 ; 5.567 ;
; x1[1]      ; y[3]         ; 5.644 ; 5.644 ; 5.644 ; 5.644 ;
; x1[1]      ; y[4]         ; 5.515 ; 5.515 ; 5.515 ; 5.515 ;
; x1[1]      ; y[5]         ; 5.348 ; 5.423 ; 5.423 ; 5.348 ;
; x1[1]      ; y[6]         ; 5.526 ; 5.526 ; 5.526 ; 5.526 ;
; x1[1]      ; ySoma_aux[1] ; 3.361 ; 3.361 ; 3.361 ; 3.361 ;
; x1[1]      ; ySoma_aux[2] ; 3.595 ; 3.595 ; 3.595 ; 3.595 ;
; x1[1]      ; ySoma_aux[3] ; 3.602 ; 3.602 ; 3.602 ; 3.602 ;
; x1[2]      ; CoLed        ; 4.442 ; 4.502 ; 4.502 ; 4.442 ;
; x1[2]      ; y[0]         ; 5.529 ; 5.529 ; 5.529 ; 5.529 ;
; x1[2]      ; y[1]         ; 5.544 ; 5.544 ; 5.544 ; 5.544 ;
; x1[2]      ; y[2]         ; 5.458 ; 5.458 ; 5.458 ; 5.458 ;
; x1[2]      ; y[3]         ; 5.535 ; 5.535 ; 5.535 ; 5.535 ;
; x1[2]      ; y[4]         ; 5.406 ; 5.406 ; 5.406 ; 5.406 ;
; x1[2]      ; y[5]         ; 5.239 ; 5.314 ; 5.314 ; 5.239 ;
; x1[2]      ; y[6]         ; 5.417 ; 5.417 ; 5.417 ; 5.417 ;
; x1[2]      ; ySoma_aux[2] ; 3.495 ; 3.495 ; 3.495 ; 3.495 ;
; x1[2]      ; ySoma_aux[3] ; 3.583 ; 3.583 ; 3.583 ; 3.583 ;
; x1[3]      ; CoLed        ; 6.556 ; 6.622 ; 6.622 ; 6.556 ;
; x1[3]      ; y[0]         ; 7.643 ; 7.643 ; 7.643 ; 7.643 ;
; x1[3]      ; y[1]         ; 7.658 ; 7.658 ; 7.658 ; 7.658 ;
; x1[3]      ; y[2]         ; 7.572 ; 7.572 ; 7.572 ; 7.572 ;
; x1[3]      ; y[3]         ; 7.649 ; 7.649 ; 7.649 ; 7.649 ;
; x1[3]      ; y[4]         ; 7.520 ; 7.520 ; 7.520 ; 7.520 ;
; x1[3]      ; y[5]         ; 7.356 ; 7.428 ; 7.428 ; 7.356 ;
; x1[3]      ; y[6]         ; 7.531 ; 7.531 ; 7.531 ; 7.531 ;
; x1[3]      ; ySoma_aux[3] ; 6.076 ; 6.076 ; 6.076 ; 6.076 ;
+------------+--------------+-------+-------+-------+-------+


+-----------------------------------------------------------+
; Minimum Propagation Delay                                 ;
+------------+--------------+-------+-------+-------+-------+
; Input Port ; Output Port  ; RR    ; RF    ; FR    ; FF    ;
+------------+--------------+-------+-------+-------+-------+
; SMult[0]   ; CoLed        ; 4.083 ; 4.490 ; 4.490 ; 4.083 ;
; SMult[0]   ; y[0]         ; 4.190 ; 4.571 ; 4.571 ; 4.190 ;
; SMult[0]   ; y[1]         ; 4.584 ; 4.190 ; 4.190 ; 4.584 ;
; SMult[0]   ; y[2]         ; 4.511 ; 4.261 ; 4.261 ; 4.511 ;
; SMult[0]   ; y[3]         ; 4.191 ; 4.577 ; 4.577 ; 4.191 ;
; SMult[0]   ; y[4]         ; 4.446 ; 4.123 ; 4.123 ; 4.446 ;
; SMult[0]   ; y[5]         ; 4.363 ; 4.118 ; 4.118 ; 4.363 ;
; SMult[0]   ; y[6]         ; 4.083 ; 4.464 ; 4.464 ; 4.083 ;
; SMult[1]   ; CoLed        ; 4.478 ; 4.175 ; 4.175 ; 4.478 ;
; SMult[1]   ; y[0]         ; 4.457 ; 4.587 ; 4.587 ; 4.457 ;
; SMult[1]   ; y[1]         ; 4.978 ; 4.457 ; 4.457 ; 4.978 ;
; SMult[1]   ; y[2]         ; 4.905 ; 4.527 ; 4.527 ; 4.905 ;
; SMult[1]   ; y[3]         ; 4.458 ; 4.593 ; 4.593 ; 4.458 ;
; SMult[1]   ; y[4]         ; 4.462 ; 4.390 ; 4.390 ; 4.462 ;
; SMult[1]   ; y[5]         ; 4.379 ; 4.379 ; 4.379 ; 4.379 ;
; SMult[1]   ; y[6]         ; 4.350 ; 4.480 ; 4.480 ; 4.350 ;
; SMult[2]   ; CoLed        ;       ; 3.899 ; 3.899 ;       ;
; SMult[2]   ; y[0]         ; 3.949 ; 4.472 ; 4.472 ; 3.949 ;
; SMult[2]   ; y[1]         ; 4.485 ; 3.949 ; 3.949 ; 4.485 ;
; SMult[2]   ; y[2]         ; 4.412 ; 4.020 ; 4.020 ; 4.412 ;
; SMult[2]   ; y[3]         ; 3.950 ; 4.478 ; 4.478 ; 3.950 ;
; SMult[2]   ; y[4]         ; 4.347 ; 3.882 ; 3.882 ; 4.347 ;
; SMult[2]   ; y[5]         ; 4.264 ; 3.877 ; 3.877 ; 4.264 ;
; SMult[2]   ; y[6]         ; 3.842 ; 4.365 ; 4.365 ; 3.842 ;
; desliga    ; y[0]         ;       ; 6.482 ; 6.482 ;       ;
; desliga    ; y[1]         ;       ; 6.500 ; 6.500 ;       ;
; desliga    ; y[2]         ;       ; 6.505 ; 6.505 ;       ;
; desliga    ; y[3]         ;       ; 6.505 ; 6.505 ;       ;
; desliga    ; y[4]         ;       ; 6.365 ; 6.365 ;       ;
; desliga    ; y[5]         ;       ; 6.360 ; 6.360 ;       ;
; desliga    ; y[6]         ;       ; 6.393 ; 6.393 ;       ;
; x0[0]      ; CoLed        ; 6.768 ; 7.066 ; 7.066 ; 6.768 ;
; x0[0]      ; y[0]         ; 6.875 ; 6.932 ; 6.932 ; 6.875 ;
; x0[0]      ; y[1]         ; 6.945 ; 6.874 ; 6.874 ; 6.945 ;
; x0[0]      ; y[2]         ; 6.863 ; 6.863 ; 6.863 ; 6.863 ;
; x0[0]      ; y[3]         ; 6.878 ; 6.938 ; 6.938 ; 6.878 ;
; x0[0]      ; y[4]         ; 6.811 ; 6.731 ; 6.731 ; 6.811 ;
; x0[0]      ; y[5]         ; 6.715 ; 6.715 ; 6.715 ; 6.715 ;
; x0[0]      ; y[6]         ; 6.768 ; 6.819 ; 6.819 ; 6.768 ;
; x0[0]      ; ySoma_aux[0] ; 5.842 ; 5.842 ; 5.842 ; 5.842 ;
; x0[0]      ; ySoma_aux[1] ; 5.873 ; 5.873 ; 5.873 ; 5.873 ;
; x0[0]      ; ySoma_aux[2] ; 6.098 ; 6.098 ; 6.098 ; 6.098 ;
; x0[0]      ; ySoma_aux[3] ; 6.105 ; 6.105 ; 6.105 ; 6.105 ;
; x0[1]      ; CoLed        ; 6.797 ; 7.093 ; 7.093 ; 6.797 ;
; x0[1]      ; y[0]         ; 6.902 ; 6.960 ; 6.960 ; 6.902 ;
; x0[1]      ; y[1]         ; 6.973 ; 6.901 ; 6.901 ; 6.973 ;
; x0[1]      ; y[2]         ; 6.891 ; 6.891 ; 6.891 ; 6.891 ;
; x0[1]      ; y[3]         ; 6.905 ; 6.966 ; 6.966 ; 6.905 ;
; x0[1]      ; y[4]         ; 6.839 ; 6.758 ; 6.758 ; 6.839 ;
; x0[1]      ; y[5]         ; 6.743 ; 6.743 ; 6.743 ; 6.743 ;
; x0[1]      ; y[6]         ; 6.795 ; 6.847 ; 6.847 ; 6.795 ;
; x0[1]      ; ySoma_aux[1] ; 5.900 ; 5.900 ; 5.900 ; 5.900 ;
; x0[1]      ; ySoma_aux[2] ; 6.127 ; 6.127 ; 6.127 ; 6.127 ;
; x0[1]      ; ySoma_aux[3] ; 6.134 ; 6.134 ; 6.134 ; 6.134 ;
; x0[2]      ; CoLed        ; 6.624 ; 6.905 ; 6.905 ; 6.624 ;
; x0[2]      ; y[0]         ; 6.714 ; 6.976 ; 6.976 ; 6.714 ;
; x0[2]      ; y[1]         ; 6.995 ; 6.713 ; 6.713 ; 6.995 ;
; x0[2]      ; y[2]         ; 6.910 ; 6.715 ; 6.715 ; 6.910 ;
; x0[2]      ; y[3]         ; 6.717 ; 6.981 ; 6.981 ; 6.717 ;
; x0[2]      ; y[4]         ; 6.857 ; 6.570 ; 6.570 ; 6.857 ;
; x0[2]      ; y[5]         ; 6.774 ; 6.573 ; 6.573 ; 6.774 ;
; x0[2]      ; y[6]         ; 6.607 ; 6.869 ; 6.869 ; 6.607 ;
; x0[2]      ; ySoma_aux[2] ; 5.955 ; 5.955 ; 5.955 ; 5.955 ;
; x0[2]      ; ySoma_aux[3] ; 5.963 ; 5.963 ; 5.963 ; 5.963 ;
; x0[3]      ; CoLed        ; 6.095 ; 6.527 ; 6.527 ; 6.095 ;
; x0[3]      ; y[0]         ; 6.336 ; 6.909 ; 6.909 ; 6.336 ;
; x0[3]      ; y[1]         ; 6.928 ; 6.335 ; 6.335 ; 6.928 ;
; x0[3]      ; y[2]         ; 6.854 ; 6.337 ; 6.337 ; 6.854 ;
; x0[3]      ; y[3]         ; 6.339 ; 6.914 ; 6.914 ; 6.339 ;
; x0[3]      ; y[4]         ; 6.790 ; 6.192 ; 6.192 ; 6.790 ;
; x0[3]      ; y[5]         ; 6.707 ; 6.195 ; 6.195 ; 6.707 ;
; x0[3]      ; y[6]         ; 6.229 ; 6.808 ; 6.808 ; 6.229 ;
; x0[3]      ; ySoma_aux[3] ; 5.941 ; 5.941 ; 5.941 ; 5.941 ;
; x1[0]      ; CoLed        ; 4.407 ; 4.747 ; 4.747 ; 4.407 ;
; x1[0]      ; y[0]         ; 4.569 ; 4.512 ; 4.512 ; 4.569 ;
; x1[0]      ; y[1]         ; 4.511 ; 4.582 ; 4.582 ; 4.511 ;
; x1[0]      ; y[2]         ; 4.500 ; 4.500 ; 4.500 ; 4.500 ;
; x1[0]      ; y[3]         ; 4.575 ; 4.515 ; 4.515 ; 4.575 ;
; x1[0]      ; y[4]         ; 4.368 ; 4.448 ; 4.448 ; 4.368 ;
; x1[0]      ; y[5]         ; 4.352 ; 4.352 ; 4.352 ; 4.352 ;
; x1[0]      ; y[6]         ; 4.456 ; 4.405 ; 4.405 ; 4.456 ;
; x1[0]      ; ySoma_aux[0] ; 3.487 ; 3.487 ; 3.487 ; 3.487 ;
; x1[0]      ; ySoma_aux[1] ; 3.510 ; 3.510 ; 3.510 ; 3.510 ;
; x1[0]      ; ySoma_aux[2] ; 3.737 ; 3.737 ; 3.737 ; 3.737 ;
; x1[0]      ; ySoma_aux[3] ; 3.744 ; 3.744 ; 3.744 ; 3.744 ;
; x1[1]      ; CoLed        ; 4.265 ; 4.604 ; 4.604 ; 4.265 ;
; x1[1]      ; y[0]         ; 4.424 ; 4.360 ; 4.360 ; 4.424 ;
; x1[1]      ; y[1]         ; 4.359 ; 4.437 ; 4.437 ; 4.359 ;
; x1[1]      ; y[2]         ; 4.355 ; 4.355 ; 4.355 ; 4.355 ;
; x1[1]      ; y[3]         ; 4.430 ; 4.363 ; 4.363 ; 4.430 ;
; x1[1]      ; y[4]         ; 4.216 ; 4.303 ; 4.303 ; 4.216 ;
; x1[1]      ; y[5]         ; 4.207 ; 4.207 ; 4.207 ; 4.207 ;
; x1[1]      ; y[6]         ; 4.311 ; 4.253 ; 4.253 ; 4.311 ;
; x1[1]      ; ySoma_aux[1] ; 3.361 ; 3.361 ; 3.361 ; 3.361 ;
; x1[1]      ; ySoma_aux[2] ; 3.595 ; 3.595 ; 3.595 ; 3.595 ;
; x1[1]      ; ySoma_aux[3] ; 3.602 ; 3.602 ; 3.602 ; 3.602 ;
; x1[2]      ; CoLed        ; 4.163 ; 4.502 ; 4.502 ; 4.163 ;
; x1[2]      ; y[0]         ; 4.586 ; 4.251 ; 4.251 ; 4.586 ;
; x1[2]      ; y[1]         ; 4.250 ; 4.605 ; 4.605 ; 4.250 ;
; x1[2]      ; y[2]         ; 4.252 ; 4.531 ; 4.531 ; 4.252 ;
; x1[2]      ; y[3]         ; 4.591 ; 4.254 ; 4.254 ; 4.591 ;
; x1[2]      ; y[4]         ; 4.107 ; 4.467 ; 4.467 ; 4.107 ;
; x1[2]      ; y[5]         ; 4.110 ; 4.384 ; 4.384 ; 4.110 ;
; x1[2]      ; y[6]         ; 4.485 ; 4.144 ; 4.144 ; 4.485 ;
; x1[2]      ; ySoma_aux[2] ; 3.495 ; 3.495 ; 3.495 ; 3.495 ;
; x1[2]      ; ySoma_aux[3] ; 3.583 ; 3.583 ; 3.583 ; 3.583 ;
; x1[3]      ; CoLed        ; 6.229 ; 6.622 ; 6.622 ; 6.229 ;
; x1[3]      ; y[0]         ; 6.985 ; 6.365 ; 6.365 ; 6.985 ;
; x1[3]      ; y[1]         ; 6.364 ; 6.998 ; 6.998 ; 6.364 ;
; x1[3]      ; y[2]         ; 6.366 ; 6.925 ; 6.925 ; 6.366 ;
; x1[3]      ; y[3]         ; 6.991 ; 6.368 ; 6.368 ; 6.991 ;
; x1[3]      ; y[4]         ; 6.221 ; 6.860 ; 6.860 ; 6.221 ;
; x1[3]      ; y[5]         ; 6.224 ; 6.777 ; 6.777 ; 6.224 ;
; x1[3]      ; y[6]         ; 6.878 ; 6.258 ; 6.258 ; 6.878 ;
; x1[3]      ; ySoma_aux[3] ; 6.076 ; 6.076 ; 6.076 ; 6.076 ;
+------------+--------------+-------+-------+-------+-------+


+----------------------------------------------------------------------------+
; Multicorner Timing Analysis Summary                                        ;
+------------------+-------+------+----------+---------+---------------------+
; Clock            ; Setup ; Hold ; Recovery ; Removal ; Minimum Pulse Width ;
+------------------+-------+------+----------+---------+---------------------+
; Worst-case Slack ; N/A   ; N/A  ; N/A      ; N/A     ; N/A                 ;
; Design-wide TNS  ; 0.0   ; 0.0  ; 0.0      ; 0.0     ; 0.0                 ;
+------------------+-------+------+----------+---------+---------------------+


+---------------------------------------------------------------+
; Progagation Delay                                             ;
+------------+--------------+--------+--------+--------+--------+
; Input Port ; Output Port  ; RR     ; RF     ; FR     ; FF     ;
+------------+--------------+--------+--------+--------+--------+
; SMult[0]   ; CoLed        ; 8.153  ; 8.816  ; 8.816  ; 8.153  ;
; SMult[0]   ; y[0]         ; 10.874 ; 10.874 ; 10.874 ; 10.874 ;
; SMult[0]   ; y[1]         ; 10.923 ; 10.923 ; 10.923 ; 10.923 ;
; SMult[0]   ; y[2]         ; 10.698 ; 10.554 ; 10.554 ; 10.698 ;
; SMult[0]   ; y[3]         ; 10.901 ; 10.901 ; 10.901 ; 10.901 ;
; SMult[0]   ; y[4]         ; 10.495 ; 10.664 ; 10.664 ; 10.495 ;
; SMult[0]   ; y[5]         ; 10.450 ; 10.450 ; 10.450 ; 10.450 ;
; SMult[0]   ; y[6]         ; 10.627 ; 10.627 ; 10.627 ; 10.627 ;
; SMult[1]   ; CoLed        ; 8.724  ; 8.036  ; 8.036  ; 8.724  ;
; SMult[1]   ; y[0]         ; 11.046 ; 11.046 ; 11.046 ; 11.046 ;
; SMult[1]   ; y[1]         ; 11.095 ; 11.095 ; 11.095 ; 11.095 ;
; SMult[1]   ; y[2]         ; 10.871 ; 10.871 ; 10.871 ; 10.871 ;
; SMult[1]   ; y[3]         ; 11.073 ; 11.073 ; 11.073 ; 11.073 ;
; SMult[1]   ; y[4]         ; 10.812 ; 10.836 ; 10.836 ; 10.812 ;
; SMult[1]   ; y[5]         ; 10.622 ; 10.622 ; 10.622 ; 10.622 ;
; SMult[1]   ; y[6]         ; 10.799 ; 10.799 ; 10.799 ; 10.799 ;
; SMult[2]   ; CoLed        ;        ; 7.461  ; 7.461  ;        ;
; SMult[2]   ; y[0]         ; 10.817 ; 10.817 ; 10.817 ; 10.817 ;
; SMult[2]   ; y[1]         ; 10.866 ; 10.866 ; 10.866 ; 10.866 ;
; SMult[2]   ; y[2]         ; 10.416 ; 10.641 ; 10.641 ; 10.416 ;
; SMult[2]   ; y[3]         ; 10.844 ; 10.844 ; 10.844 ; 10.844 ;
; SMult[2]   ; y[4]         ; 10.607 ; 10.357 ; 10.357 ; 10.607 ;
; SMult[2]   ; y[5]         ; 10.393 ; 10.393 ; 10.393 ; 10.393 ;
; SMult[2]   ; y[6]         ; 10.570 ; 10.570 ; 10.570 ; 10.570 ;
; desliga    ; y[0]         ;        ; 11.601 ; 11.601 ;        ;
; desliga    ; y[1]         ;        ; 11.597 ; 11.597 ;        ;
; desliga    ; y[2]         ;        ; 11.600 ; 11.600 ;        ;
; desliga    ; y[3]         ;        ; 11.599 ; 11.599 ;        ;
; desliga    ; y[4]         ;        ; 11.330 ; 11.330 ;        ;
; desliga    ; y[5]         ;        ; 11.326 ; 11.326 ;        ;
; desliga    ; y[6]         ;        ; 11.362 ; 11.362 ;        ;
; x0[0]      ; CoLed        ; 13.441 ; 13.343 ; 13.343 ; 13.441 ;
; x0[0]      ; y[0]         ; 15.813 ; 15.813 ; 15.813 ; 15.813 ;
; x0[0]      ; y[1]         ; 15.830 ; 15.830 ; 15.830 ; 15.830 ;
; x0[0]      ; y[2]         ; 15.662 ; 15.662 ; 15.662 ; 15.662 ;
; x0[0]      ; y[3]         ; 15.836 ; 15.836 ; 15.836 ; 15.836 ;
; x0[0]      ; y[4]         ; 15.603 ; 15.603 ; 15.603 ; 15.603 ;
; x0[0]      ; y[5]         ; 15.389 ; 15.226 ; 15.226 ; 15.389 ;
; x0[0]      ; y[6]         ; 15.587 ; 15.587 ; 15.587 ; 15.587 ;
; x0[0]      ; ySoma_aux[0] ; 10.508 ; 10.508 ; 10.508 ; 10.508 ;
; x0[0]      ; ySoma_aux[1] ; 10.545 ; 10.545 ; 10.545 ; 10.545 ;
; x0[0]      ; ySoma_aux[2] ; 11.077 ; 11.077 ; 11.077 ; 11.077 ;
; x0[0]      ; ySoma_aux[3] ; 11.087 ; 11.087 ; 11.087 ; 11.087 ;
; x0[1]      ; CoLed        ; 13.474 ; 13.367 ; 13.367 ; 13.474 ;
; x0[1]      ; y[0]         ; 15.837 ; 15.837 ; 15.837 ; 15.837 ;
; x0[1]      ; y[1]         ; 15.854 ; 15.854 ; 15.854 ; 15.854 ;
; x0[1]      ; y[2]         ; 15.686 ; 15.686 ; 15.686 ; 15.686 ;
; x0[1]      ; y[3]         ; 15.860 ; 15.860 ; 15.860 ; 15.860 ;
; x0[1]      ; y[4]         ; 15.627 ; 15.627 ; 15.627 ; 15.627 ;
; x0[1]      ; y[5]         ; 15.413 ; 15.250 ; 15.250 ; 15.413 ;
; x0[1]      ; y[6]         ; 15.611 ; 15.611 ; 15.611 ; 15.611 ;
; x0[1]      ; ySoma_aux[1] ; 10.576 ; 10.576 ; 10.576 ; 10.576 ;
; x0[1]      ; ySoma_aux[2] ; 11.108 ; 11.108 ; 11.108 ; 11.108 ;
; x0[1]      ; ySoma_aux[3] ; 11.118 ; 11.118 ; 11.118 ; 11.118 ;
; x0[2]      ; CoLed        ; 13.033 ; 12.891 ; 12.891 ; 13.033 ;
; x0[2]      ; y[0]         ; 15.361 ; 15.361 ; 15.361 ; 15.361 ;
; x0[2]      ; y[1]         ; 15.378 ; 15.378 ; 15.378 ; 15.378 ;
; x0[2]      ; y[2]         ; 15.210 ; 15.210 ; 15.210 ; 15.210 ;
; x0[2]      ; y[3]         ; 15.384 ; 15.384 ; 15.384 ; 15.384 ;
; x0[2]      ; y[4]         ; 15.151 ; 15.151 ; 15.151 ; 15.151 ;
; x0[2]      ; y[5]         ; 14.937 ; 14.774 ; 14.774 ; 14.937 ;
; x0[2]      ; y[6]         ; 15.135 ; 15.135 ; 15.135 ; 15.135 ;
; x0[2]      ; ySoma_aux[2] ; 10.686 ; 10.686 ; 10.686 ; 10.686 ;
; x0[2]      ; ySoma_aux[3] ; 10.693 ; 10.693 ; 10.693 ; 10.693 ;
; x0[3]      ; CoLed        ; 12.142 ; 12.023 ; 12.023 ; 12.142 ;
; x0[3]      ; y[0]         ; 14.493 ; 14.493 ; 14.493 ; 14.493 ;
; x0[3]      ; y[1]         ; 14.510 ; 14.510 ; 14.510 ; 14.510 ;
; x0[3]      ; y[2]         ; 14.342 ; 14.342 ; 14.342 ; 14.342 ;
; x0[3]      ; y[3]         ; 14.516 ; 14.516 ; 14.516 ; 14.516 ;
; x0[3]      ; y[4]         ; 14.283 ; 14.283 ; 14.283 ; 14.283 ;
; x0[3]      ; y[5]         ; 14.069 ; 13.906 ; 13.906 ; 14.069 ;
; x0[3]      ; y[6]         ; 14.267 ; 14.267 ; 14.267 ; 14.267 ;
; x0[3]      ; ySoma_aux[3] ; 10.700 ; 10.700 ; 10.700 ; 10.700 ;
; x1[0]      ; CoLed        ; 9.450  ; 9.535  ; 9.535  ; 9.450  ;
; x1[0]      ; y[0]         ; 11.920 ; 11.920 ; 11.920 ; 11.920 ;
; x1[0]      ; y[1]         ; 11.937 ; 11.937 ; 11.937 ; 11.937 ;
; x1[0]      ; y[2]         ; 11.769 ; 11.769 ; 11.769 ; 11.769 ;
; x1[0]      ; y[3]         ; 11.943 ; 11.943 ; 11.943 ; 11.943 ;
; x1[0]      ; y[4]         ; 11.710 ; 11.710 ; 11.710 ; 11.710 ;
; x1[0]      ; y[5]         ; 11.333 ; 11.496 ; 11.496 ; 11.333 ;
; x1[0]      ; y[6]         ; 11.694 ; 11.694 ; 11.694 ; 11.694 ;
; x1[0]      ; ySoma_aux[0] ; 6.600  ; 6.600  ; 6.600  ; 6.600  ;
; x1[0]      ; ySoma_aux[1] ; 6.629  ; 6.629  ; 6.629  ; 6.629  ;
; x1[0]      ; ySoma_aux[2] ; 7.165  ; 7.165  ; 7.165  ; 7.165  ;
; x1[0]      ; ySoma_aux[3] ; 7.175  ; 7.175  ; 7.175  ; 7.175  ;
; x1[1]      ; CoLed        ; 9.178  ; 9.274  ; 9.274  ; 9.178  ;
; x1[1]      ; y[0]         ; 11.648 ; 11.648 ; 11.648 ; 11.648 ;
; x1[1]      ; y[1]         ; 11.665 ; 11.665 ; 11.665 ; 11.665 ;
; x1[1]      ; y[2]         ; 11.497 ; 11.497 ; 11.497 ; 11.497 ;
; x1[1]      ; y[3]         ; 11.671 ; 11.671 ; 11.671 ; 11.671 ;
; x1[1]      ; y[4]         ; 11.438 ; 11.438 ; 11.438 ; 11.438 ;
; x1[1]      ; y[5]         ; 11.061 ; 11.224 ; 11.224 ; 11.061 ;
; x1[1]      ; y[6]         ; 11.422 ; 11.422 ; 11.422 ; 11.422 ;
; x1[1]      ; ySoma_aux[1] ; 6.360  ; 6.360  ; 6.360  ; 6.360  ;
; x1[1]      ; ySoma_aux[2] ; 6.905  ; 6.905  ; 6.905  ; 6.905  ;
; x1[1]      ; ySoma_aux[3] ; 6.915  ; 6.915  ; 6.915  ; 6.915  ;
; x1[2]      ; CoLed        ; 8.866  ; 8.986  ; 8.986  ; 8.866  ;
; x1[2]      ; y[0]         ; 11.336 ; 11.336 ; 11.336 ; 11.336 ;
; x1[2]      ; y[1]         ; 11.353 ; 11.353 ; 11.353 ; 11.353 ;
; x1[2]      ; y[2]         ; 11.185 ; 11.185 ; 11.185 ; 11.185 ;
; x1[2]      ; y[3]         ; 11.359 ; 11.359 ; 11.359 ; 11.359 ;
; x1[2]      ; y[4]         ; 11.126 ; 11.126 ; 11.126 ; 11.126 ;
; x1[2]      ; y[5]         ; 10.749 ; 10.912 ; 10.912 ; 10.749 ;
; x1[2]      ; y[6]         ; 11.110 ; 11.110 ; 11.110 ; 11.110 ;
; x1[2]      ; ySoma_aux[2] ; 6.640  ; 6.640  ; 6.640  ; 6.640  ;
; x1[2]      ; ySoma_aux[3] ; 6.825  ; 6.825  ; 6.825  ; 6.825  ;
; x1[3]      ; CoLed        ; 12.165 ; 12.284 ; 12.284 ; 12.165 ;
; x1[3]      ; y[0]         ; 14.635 ; 14.635 ; 14.635 ; 14.635 ;
; x1[3]      ; y[1]         ; 14.652 ; 14.652 ; 14.652 ; 14.652 ;
; x1[3]      ; y[2]         ; 14.484 ; 14.484 ; 14.484 ; 14.484 ;
; x1[3]      ; y[3]         ; 14.658 ; 14.658 ; 14.658 ; 14.658 ;
; x1[3]      ; y[4]         ; 14.425 ; 14.425 ; 14.425 ; 14.425 ;
; x1[3]      ; y[5]         ; 14.099 ; 14.211 ; 14.211 ; 14.099 ;
; x1[3]      ; y[6]         ; 14.409 ; 14.409 ; 14.409 ; 14.409 ;
; x1[3]      ; ySoma_aux[3] ; 11.075 ; 11.075 ; 11.075 ; 11.075 ;
+------------+--------------+--------+--------+--------+--------+


+-----------------------------------------------------------+
; Minimum Progagation Delay                                 ;
+------------+--------------+-------+-------+-------+-------+
; Input Port ; Output Port  ; RR    ; RF    ; FR    ; FF    ;
+------------+--------------+-------+-------+-------+-------+
; SMult[0]   ; CoLed        ; 4.083 ; 4.490 ; 4.490 ; 4.083 ;
; SMult[0]   ; y[0]         ; 4.190 ; 4.571 ; 4.571 ; 4.190 ;
; SMult[0]   ; y[1]         ; 4.584 ; 4.190 ; 4.190 ; 4.584 ;
; SMult[0]   ; y[2]         ; 4.511 ; 4.261 ; 4.261 ; 4.511 ;
; SMult[0]   ; y[3]         ; 4.191 ; 4.577 ; 4.577 ; 4.191 ;
; SMult[0]   ; y[4]         ; 4.446 ; 4.123 ; 4.123 ; 4.446 ;
; SMult[0]   ; y[5]         ; 4.363 ; 4.118 ; 4.118 ; 4.363 ;
; SMult[0]   ; y[6]         ; 4.083 ; 4.464 ; 4.464 ; 4.083 ;
; SMult[1]   ; CoLed        ; 4.478 ; 4.175 ; 4.175 ; 4.478 ;
; SMult[1]   ; y[0]         ; 4.457 ; 4.587 ; 4.587 ; 4.457 ;
; SMult[1]   ; y[1]         ; 4.978 ; 4.457 ; 4.457 ; 4.978 ;
; SMult[1]   ; y[2]         ; 4.905 ; 4.527 ; 4.527 ; 4.905 ;
; SMult[1]   ; y[3]         ; 4.458 ; 4.593 ; 4.593 ; 4.458 ;
; SMult[1]   ; y[4]         ; 4.462 ; 4.390 ; 4.390 ; 4.462 ;
; SMult[1]   ; y[5]         ; 4.379 ; 4.379 ; 4.379 ; 4.379 ;
; SMult[1]   ; y[6]         ; 4.350 ; 4.480 ; 4.480 ; 4.350 ;
; SMult[2]   ; CoLed        ;       ; 3.899 ; 3.899 ;       ;
; SMult[2]   ; y[0]         ; 3.949 ; 4.472 ; 4.472 ; 3.949 ;
; SMult[2]   ; y[1]         ; 4.485 ; 3.949 ; 3.949 ; 4.485 ;
; SMult[2]   ; y[2]         ; 4.412 ; 4.020 ; 4.020 ; 4.412 ;
; SMult[2]   ; y[3]         ; 3.950 ; 4.478 ; 4.478 ; 3.950 ;
; SMult[2]   ; y[4]         ; 4.347 ; 3.882 ; 3.882 ; 4.347 ;
; SMult[2]   ; y[5]         ; 4.264 ; 3.877 ; 3.877 ; 4.264 ;
; SMult[2]   ; y[6]         ; 3.842 ; 4.365 ; 4.365 ; 3.842 ;
; desliga    ; y[0]         ;       ; 6.482 ; 6.482 ;       ;
; desliga    ; y[1]         ;       ; 6.500 ; 6.500 ;       ;
; desliga    ; y[2]         ;       ; 6.505 ; 6.505 ;       ;
; desliga    ; y[3]         ;       ; 6.505 ; 6.505 ;       ;
; desliga    ; y[4]         ;       ; 6.365 ; 6.365 ;       ;
; desliga    ; y[5]         ;       ; 6.360 ; 6.360 ;       ;
; desliga    ; y[6]         ;       ; 6.393 ; 6.393 ;       ;
; x0[0]      ; CoLed        ; 6.768 ; 7.066 ; 7.066 ; 6.768 ;
; x0[0]      ; y[0]         ; 6.875 ; 6.932 ; 6.932 ; 6.875 ;
; x0[0]      ; y[1]         ; 6.945 ; 6.874 ; 6.874 ; 6.945 ;
; x0[0]      ; y[2]         ; 6.863 ; 6.863 ; 6.863 ; 6.863 ;
; x0[0]      ; y[3]         ; 6.878 ; 6.938 ; 6.938 ; 6.878 ;
; x0[0]      ; y[4]         ; 6.811 ; 6.731 ; 6.731 ; 6.811 ;
; x0[0]      ; y[5]         ; 6.715 ; 6.715 ; 6.715 ; 6.715 ;
; x0[0]      ; y[6]         ; 6.768 ; 6.819 ; 6.819 ; 6.768 ;
; x0[0]      ; ySoma_aux[0] ; 5.842 ; 5.842 ; 5.842 ; 5.842 ;
; x0[0]      ; ySoma_aux[1] ; 5.873 ; 5.873 ; 5.873 ; 5.873 ;
; x0[0]      ; ySoma_aux[2] ; 6.098 ; 6.098 ; 6.098 ; 6.098 ;
; x0[0]      ; ySoma_aux[3] ; 6.105 ; 6.105 ; 6.105 ; 6.105 ;
; x0[1]      ; CoLed        ; 6.797 ; 7.093 ; 7.093 ; 6.797 ;
; x0[1]      ; y[0]         ; 6.902 ; 6.960 ; 6.960 ; 6.902 ;
; x0[1]      ; y[1]         ; 6.973 ; 6.901 ; 6.901 ; 6.973 ;
; x0[1]      ; y[2]         ; 6.891 ; 6.891 ; 6.891 ; 6.891 ;
; x0[1]      ; y[3]         ; 6.905 ; 6.966 ; 6.966 ; 6.905 ;
; x0[1]      ; y[4]         ; 6.839 ; 6.758 ; 6.758 ; 6.839 ;
; x0[1]      ; y[5]         ; 6.743 ; 6.743 ; 6.743 ; 6.743 ;
; x0[1]      ; y[6]         ; 6.795 ; 6.847 ; 6.847 ; 6.795 ;
; x0[1]      ; ySoma_aux[1] ; 5.900 ; 5.900 ; 5.900 ; 5.900 ;
; x0[1]      ; ySoma_aux[2] ; 6.127 ; 6.127 ; 6.127 ; 6.127 ;
; x0[1]      ; ySoma_aux[3] ; 6.134 ; 6.134 ; 6.134 ; 6.134 ;
; x0[2]      ; CoLed        ; 6.624 ; 6.905 ; 6.905 ; 6.624 ;
; x0[2]      ; y[0]         ; 6.714 ; 6.976 ; 6.976 ; 6.714 ;
; x0[2]      ; y[1]         ; 6.995 ; 6.713 ; 6.713 ; 6.995 ;
; x0[2]      ; y[2]         ; 6.910 ; 6.715 ; 6.715 ; 6.910 ;
; x0[2]      ; y[3]         ; 6.717 ; 6.981 ; 6.981 ; 6.717 ;
; x0[2]      ; y[4]         ; 6.857 ; 6.570 ; 6.570 ; 6.857 ;
; x0[2]      ; y[5]         ; 6.774 ; 6.573 ; 6.573 ; 6.774 ;
; x0[2]      ; y[6]         ; 6.607 ; 6.869 ; 6.869 ; 6.607 ;
; x0[2]      ; ySoma_aux[2] ; 5.955 ; 5.955 ; 5.955 ; 5.955 ;
; x0[2]      ; ySoma_aux[3] ; 5.963 ; 5.963 ; 5.963 ; 5.963 ;
; x0[3]      ; CoLed        ; 6.095 ; 6.527 ; 6.527 ; 6.095 ;
; x0[3]      ; y[0]         ; 6.336 ; 6.909 ; 6.909 ; 6.336 ;
; x0[3]      ; y[1]         ; 6.928 ; 6.335 ; 6.335 ; 6.928 ;
; x0[3]      ; y[2]         ; 6.854 ; 6.337 ; 6.337 ; 6.854 ;
; x0[3]      ; y[3]         ; 6.339 ; 6.914 ; 6.914 ; 6.339 ;
; x0[3]      ; y[4]         ; 6.790 ; 6.192 ; 6.192 ; 6.790 ;
; x0[3]      ; y[5]         ; 6.707 ; 6.195 ; 6.195 ; 6.707 ;
; x0[3]      ; y[6]         ; 6.229 ; 6.808 ; 6.808 ; 6.229 ;
; x0[3]      ; ySoma_aux[3] ; 5.941 ; 5.941 ; 5.941 ; 5.941 ;
; x1[0]      ; CoLed        ; 4.407 ; 4.747 ; 4.747 ; 4.407 ;
; x1[0]      ; y[0]         ; 4.569 ; 4.512 ; 4.512 ; 4.569 ;
; x1[0]      ; y[1]         ; 4.511 ; 4.582 ; 4.582 ; 4.511 ;
; x1[0]      ; y[2]         ; 4.500 ; 4.500 ; 4.500 ; 4.500 ;
; x1[0]      ; y[3]         ; 4.575 ; 4.515 ; 4.515 ; 4.575 ;
; x1[0]      ; y[4]         ; 4.368 ; 4.448 ; 4.448 ; 4.368 ;
; x1[0]      ; y[5]         ; 4.352 ; 4.352 ; 4.352 ; 4.352 ;
; x1[0]      ; y[6]         ; 4.456 ; 4.405 ; 4.405 ; 4.456 ;
; x1[0]      ; ySoma_aux[0] ; 3.487 ; 3.487 ; 3.487 ; 3.487 ;
; x1[0]      ; ySoma_aux[1] ; 3.510 ; 3.510 ; 3.510 ; 3.510 ;
; x1[0]      ; ySoma_aux[2] ; 3.737 ; 3.737 ; 3.737 ; 3.737 ;
; x1[0]      ; ySoma_aux[3] ; 3.744 ; 3.744 ; 3.744 ; 3.744 ;
; x1[1]      ; CoLed        ; 4.265 ; 4.604 ; 4.604 ; 4.265 ;
; x1[1]      ; y[0]         ; 4.424 ; 4.360 ; 4.360 ; 4.424 ;
; x1[1]      ; y[1]         ; 4.359 ; 4.437 ; 4.437 ; 4.359 ;
; x1[1]      ; y[2]         ; 4.355 ; 4.355 ; 4.355 ; 4.355 ;
; x1[1]      ; y[3]         ; 4.430 ; 4.363 ; 4.363 ; 4.430 ;
; x1[1]      ; y[4]         ; 4.216 ; 4.303 ; 4.303 ; 4.216 ;
; x1[1]      ; y[5]         ; 4.207 ; 4.207 ; 4.207 ; 4.207 ;
; x1[1]      ; y[6]         ; 4.311 ; 4.253 ; 4.253 ; 4.311 ;
; x1[1]      ; ySoma_aux[1] ; 3.361 ; 3.361 ; 3.361 ; 3.361 ;
; x1[1]      ; ySoma_aux[2] ; 3.595 ; 3.595 ; 3.595 ; 3.595 ;
; x1[1]      ; ySoma_aux[3] ; 3.602 ; 3.602 ; 3.602 ; 3.602 ;
; x1[2]      ; CoLed        ; 4.163 ; 4.502 ; 4.502 ; 4.163 ;
; x1[2]      ; y[0]         ; 4.586 ; 4.251 ; 4.251 ; 4.586 ;
; x1[2]      ; y[1]         ; 4.250 ; 4.605 ; 4.605 ; 4.250 ;
; x1[2]      ; y[2]         ; 4.252 ; 4.531 ; 4.531 ; 4.252 ;
; x1[2]      ; y[3]         ; 4.591 ; 4.254 ; 4.254 ; 4.591 ;
; x1[2]      ; y[4]         ; 4.107 ; 4.467 ; 4.467 ; 4.107 ;
; x1[2]      ; y[5]         ; 4.110 ; 4.384 ; 4.384 ; 4.110 ;
; x1[2]      ; y[6]         ; 4.485 ; 4.144 ; 4.144 ; 4.485 ;
; x1[2]      ; ySoma_aux[2] ; 3.495 ; 3.495 ; 3.495 ; 3.495 ;
; x1[2]      ; ySoma_aux[3] ; 3.583 ; 3.583 ; 3.583 ; 3.583 ;
; x1[3]      ; CoLed        ; 6.229 ; 6.622 ; 6.622 ; 6.229 ;
; x1[3]      ; y[0]         ; 6.985 ; 6.365 ; 6.365 ; 6.985 ;
; x1[3]      ; y[1]         ; 6.364 ; 6.998 ; 6.998 ; 6.364 ;
; x1[3]      ; y[2]         ; 6.366 ; 6.925 ; 6.925 ; 6.366 ;
; x1[3]      ; y[3]         ; 6.991 ; 6.368 ; 6.368 ; 6.991 ;
; x1[3]      ; y[4]         ; 6.221 ; 6.860 ; 6.860 ; 6.221 ;
; x1[3]      ; y[5]         ; 6.224 ; 6.777 ; 6.777 ; 6.224 ;
; x1[3]      ; y[6]         ; 6.878 ; 6.258 ; 6.258 ; 6.878 ;
; x1[3]      ; ySoma_aux[3] ; 6.076 ; 6.076 ; 6.076 ; 6.076 ;
+------------+--------------+-------+-------+-------+-------+


-------------------
; Clock Transfers ;
-------------------
Nothing to report.


---------------
; Report TCCS ;
---------------
No dedicated SERDES Transmitter circuitry present in device or used in design


---------------
; Report RSKM ;
---------------
No dedicated SERDES Receiver circuitry present in device or used in design


+------------------------------------------------+
; Unconstrained Paths                            ;
+---------------------------------+-------+------+
; Property                        ; Setup ; Hold ;
+---------------------------------+-------+------+
; Illegal Clocks                  ; 0     ; 0    ;
; Unconstrained Clocks            ; 0     ; 0    ;
; Unconstrained Input Ports       ; 12    ; 12   ;
; Unconstrained Input Port Paths  ; 115   ; 115  ;
; Unconstrained Output Ports      ; 12    ; 12   ;
; Unconstrained Output Port Paths ; 115   ; 115  ;
+---------------------------------+-------+------+


+------------------------------------+
; TimeQuest Timing Analyzer Messages ;
+------------------------------------+
Info: *******************************************************************
Info: Running Quartus II 64-Bit TimeQuest Timing Analyzer
    Info: Version 13.0.0 Build 156 04/24/2013 SJ Web Edition
    Info: Processing started: Wed Apr 17 21:28:01 2019
Info: Command: quartus_sta multiplexador -c multiplexador
Info: qsta_default_script.tcl version: #1
Warning (20028): Parallel compilation is not licensed and has been disabled
Info (21077): Low junction temperature is 0 degrees C
Info (21077): High junction temperature is 85 degrees C
Critical Warning (332012): Synopsys Design Constraints File file not found: 'multiplexador.sdc'. A Synopsys Design Constraints File is required by the TimeQuest Timing Analyzer to get proper timing constraints. Without it, the Compiler will not properly optimize the design.
Info (332142): No user constrained base clocks found in the design. Calling "derive_clocks -period 1.0"
Info (332096): The command derive_clocks did not find any clocks to derive.  No clocks were created or changed.
Warning (332068): No clocks defined in design.
Info: Found TIMEQUEST_REPORT_SCRIPT_INCLUDE_DEFAULT_ANALYSIS = ON
Info (332159): No clocks to report
Info: Analyzing Slow Model
Info (332140): No fmax paths to report
Info (332140): No Setup paths to report
Info (332140): No Hold paths to report
Info (332140): No Recovery paths to report
Info (332140): No Removal paths to report
Info (332140): No Minimum Pulse Width paths to report
Info (332001): The selected device family is not supported by the report_metastability command.
Info: Analyzing Fast Model
Info (332142): No user constrained base clocks found in the design. Calling "derive_clocks -period 1.0"
Info (332096): The command derive_clocks did not find any clocks to derive.  No clocks were created or changed.
Warning (332068): No clocks defined in design.
Info (332140): No Setup paths to report
Info (332140): No Hold paths to report
Info (332140): No Recovery paths to report
Info (332140): No Removal paths to report
Info (332140): No Minimum Pulse Width paths to report
Info (332001): The selected device family is not supported by the report_metastability command.
Info (332102): Design is not fully constrained for setup requirements
Info (332102): Design is not fully constrained for hold requirements
Info: Quartus II 64-Bit TimeQuest Timing Analyzer was successful. 0 errors, 4 warnings
    Info: Peak virtual memory: 4556 megabytes
    Info: Processing ended: Wed Apr 17 21:28:04 2019
    Info: Elapsed time: 00:00:03
    Info: Total CPU time (on all processors): 00:00:02


